<?xml version="1.0" encoding="UTF-8"?>
<!-- Generated by org.testng.reporters.JUnitReportReporter -->
<testsuite hostname="DESKTOP-V7PHNI8" failures="1" tests="9" name="TestClass.SupplierDashboardPageTest" time="27.669" errors="0" timestamp="2020-12-20T11:50:39 IST" skipped="0">
  <testcase classname="TestClass.SupplierDashboardPageTest" name="verifyvalidlogin" time="8.728"/>
  <system-out/>
  <testcase classname="TestClass.SupplierDashboardPageTest" name="verifyTitle" time="0.041">
    <failure message="Title Incorrect expected:&lt;Trade Mart |&gt; but was:&lt;SQA Supplier G2&gt;" type="java.lang.AssertionError">
      <![CDATA[java.lang.AssertionError: Title Incorrect expected:<Trade Mart |> but was:<SQA Supplier G2>
at org.testng.AssertJUnit.assertEquals(AssertJUnit.java:115)
at TestClass.SupplierDashboardPageTest.verifyTitle(SupplierDashboardPageTest.java:18)
at java.base/jdk.internal.reflect.NativeMethodAccessorImpl.invoke0(Native Method)
at java.base/jdk.internal.reflect.NativeMethodAccessorImpl.invoke(NativeMethodAccessorImpl.java:62)
at java.base/jdk.internal.reflect.DelegatingMethodAccessorImpl.invoke(DelegatingMethodAccessorImpl.java:43)
at java.base/java.lang.reflect.Method.invoke(Method.java:566)
at org.testng.internal.MethodInvocationHelper.invokeMethod(MethodInvocationHelper.java:132)
at org.testng.internal.TestInvoker.invokeMethod(TestInvoker.java:599)
at org.testng.internal.TestInvoker.invokeTestMethod(TestInvoker.java:174)
at org.testng.internal.MethodRunner.runInSequence(MethodRunner.java:46)
at org.testng.internal.TestInvoker$MethodInvocationAgent.invoke(TestInvoker.java:822)
at org.testng.internal.TestInvoker.invokeTestMethods(TestInvoker.java:147)
at org.testng.internal.TestMethodWorker.invokeTestMethods(TestMethodWorker.java:146)
at org.testng.internal.TestMethodWorker.run(TestMethodWorker.java:128)
at java.base/java.util.ArrayList.forEach(ArrayList.java:1540)
at org.testng.TestRunner.privateRun(TestRunner.java:764)
at org.testng.TestRunner.run(TestRunner.java:585)
at org.testng.SuiteRunner.runTest(SuiteRunner.java:384)
at org.testng.SuiteRunner.runSequentially(SuiteRunner.java:378)
at org.testng.SuiteRunner.privateRun(SuiteRunner.java:337)
at org.testng.SuiteRunner.run(SuiteRunner.java:286)
at org.testng.SuiteRunnerWorker.runSuite(SuiteRunnerWorker.java:53)
at org.testng.SuiteRunnerWorker.run(SuiteRunnerWorker.java:96)
at org.testng.TestNG.runSuitesSequentially(TestNG.java:1218)
at org.testng.TestNG.runSuitesLocally(TestNG.java:1140)
at org.testng.TestNG.runSuites(TestNG.java:1069)
at org.testng.TestNG.run(TestNG.java:1037)
at org.testng.remote.AbstractRemoteTestNG.run(AbstractRemoteTestNG.java:115)
at org.testng.remote.RemoteTestNG.initAndRun(RemoteTestNG.java:251)
at org.testng.remote.RemoteTestNG.main(RemoteTestNG.java:77)
]]>
    </failure>
  </testcase> <!-- verifyTitle -->
  <system-out/>
  <testcase classname="TestClass.SupplierDashboardPageTest" name="verifyclickmakebidbutton" time="6.028"/>
  <system-out/>
  <testcase classname="TestClass.SupplierDashboardPageTest" name="verifyclickeditprofile" time="3.031"/>
  <system-out/>
  <testcase classname="TestClass.SupplierDashboardPageTest" name="verifyclickeditagent" time="2.677"/>
  <system-out/>
  <testcase classname="TestClass.SupplierDashboardPageTest" name="verifyclickusermanagement" time="2.078"/>
  <system-out/>
  <testcase classname="TestClass.SupplierDashboardPageTest" name="verifyclickavailaberequest" time="2.155"/>
  <system-out/>
  <testcase classname="TestClass.SupplierDashboardPageTest" name="verifyclicknotification" time="0.591"/>
  <system-out/>
  <testcase classname="TestClass.SupplierDashboardPageTest" name="verifyclickpurchase" time="2.340"/>
  <system-out/>
</testsuite> <!-- TestClass.SupplierDashboardPageTest -->
