<?xml version="1.0" encoding="UTF-8"?>
<!-- Generated by org.testng.reporters.JUnitXMLReporter -->
<testsuite ignored="0" hostname="DESKTOP-V7PHNI8" failures="2" tests="75" name="Regression" time="368.425" errors="0" timestamp="2020-11-28T13:49:51 IST">
  <testcase classname="TestClass.GarageLoginPageTest" name="verifyvalidlogin" time="8.258"/>
  <testcase classname="TestClass.GarageLoginPageTest" name="verifyvalidlogin" time="13.838"/>
  <testcase classname="TestClass.GarageUserManagementPageTest" name="verifyclickeditprofile" time="7.109"/>
  <testcase classname="TestClass.GarageUserManagementPageTest" name="verifyTitle" time="0.029"/>
  <testcase classname="TestClass.GarageUserManagementPageTest" name="verifyHeading" time="0.956"/>
  <testcase classname="TestClass.SupplierLoginPageTest" name="verifyvalidlogin" time="8.994"/>
  <testcase classname="TestClass.SupplierEditAgentPageTest" name="verifyclickeditprofile" time="5.663"/>
  <testcase classname="TestClass.SupplierEditAgentPageTest" name="verifyTitle" time="0.773"/>
  <testcase classname="TestClass.SupplierEditAgentPageTest" name="verifyHeading" time="0.002">
    <failure type="org.openqa.selenium.NoSuchSessionException" message="Session ID is null. Using WebDriver after calling quit()?
Build info: version: &amp;apos;3.141.59&amp;apos;, revision: &amp;apos;e82be7d358&amp;apos;, time: &amp;apos;2018-11-14T08:25:48&amp;apos;
System info: host: &amp;apos;DESKTOP-V7PHNI8&amp;apos;, ip: &amp;apos;192.168.1.100&amp;apos;, os.name: &amp;apos;Windows 10&amp;apos;, os.arch: &amp;apos;amd64&amp;apos;, os.version: &amp;apos;10.0&amp;apos;, java.version: &amp;apos;11.0.7&amp;apos;
Driver info: driver.version: RemoteWebDriver">
      <![CDATA[org.openqa.selenium.NoSuchSessionException: Session ID is null. Using WebDriver after calling quit()?
Build info: version: '3.141.59', revision: 'e82be7d358', time: '2018-11-14T08:25:48'
System info: host: 'DESKTOP-V7PHNI8', ip: '192.168.1.100', os.name: 'Windows 10', os.arch: 'amd64', os.version: '10.0', java.version: '11.0.7'
Driver info: driver.version: RemoteWebDriver
at org.openqa.selenium.remote.HttpCommandExecutor.execute(HttpCommandExecutor.java:125)
at org.openqa.selenium.remote.service.DriverCommandExecutor.execute(DriverCommandExecutor.java:83)
at org.openqa.selenium.remote.RemoteWebDriver.execute(RemoteWebDriver.java:552)
at org.openqa.selenium.remote.RemoteWebDriver.findElement(RemoteWebDriver.java:323)
at org.openqa.selenium.remote.RemoteWebDriver.findElementByXPath(RemoteWebDriver.java:428)
at org.openqa.selenium.By$ByXPath.findElement(By.java:353)
at org.openqa.selenium.remote.RemoteWebDriver.findElement(RemoteWebDriver.java:315)
at org.openqa.selenium.support.pagefactory.DefaultElementLocator.findElement(DefaultElementLocator.java:69)
at org.openqa.selenium.support.pagefactory.internal.LocatingElementHandler.invoke(LocatingElementHandler.java:38)
at com.sun.proxy.$Proxy11.isDisplayed(Unknown Source)
at org.openqa.selenium.support.ui.ExpectedConditions.elementIfVisible(ExpectedConditions.java:314)
at org.openqa.selenium.support.ui.ExpectedConditions.access$000(ExpectedConditions.java:43)
at org.openqa.selenium.support.ui.ExpectedConditions$10.apply(ExpectedConditions.java:300)
at org.openqa.selenium.support.ui.ExpectedConditions$10.apply(ExpectedConditions.java:297)
at org.openqa.selenium.support.ui.FluentWait.until(FluentWait.java:249)
at WebPageClass.BasePage.waitForWebElementToAppear(BasePage.java:26)
at WebPageClass.SupplierEditAgentPage.getHeading(SupplierEditAgentPage.java:28)
at TestClass.SupplierEditAgentPageTest.verifyHeading(SupplierEditAgentPageTest.java:29)
at java.base/java.util.ArrayList.forEach(ArrayList.java:1540)
... Removed 27 stack frames]]>
    </failure>
  </testcase> <!-- verifyHeading -->
  <testcase classname="TestClass.SupplierLoginPageTest" name="verifyvalidlogin" time="11.236"/>
  <testcase classname="TestClass.SupplierUserManagementPageTest" name="verifyclickeditprofile" time="6.183"/>
  <testcase classname="TestClass.SupplierUserManagementPageTest" name="verifyTitle" time="0.011"/>
  <testcase classname="TestClass.SupplierUserManagementPageTest" name="verifyHeading" time="0.847"/>
  <testcase classname="TestClass.GarageLoginPageTest" name="verifyvalidlogin" time="8.291"/>
  <testcase classname="TestClass.GarageEditProfilePageTest" name="verifyclickeditprofile" time="7.104"/>
  <testcase classname="TestClass.GarageEditProfilePageTest" name="verifyTitle" time="0.009"/>
  <testcase classname="TestClass.GarageEditProfilePageTest" name="verifyHeading" time="0.077"/>
  <testcase classname="TestClass.SupplierLoginPageTest" name="verifyvalidlogin" time="8.624"/>
  <testcase classname="TestClass.SupplierPurchaseOrderPageTest" name="verifyclickeditprofile" time="5.917"/>
  <testcase classname="TestClass.SupplierPurchaseOrderPageTest" name="verifyTitle" time="0.009"/>
  <testcase classname="TestClass.SupplierPurchaseOrderPageTest" name="verifyHeading" time="0.921"/>
  <testcase classname="TestClass.GarageLoginPageTest" name="verifyvalidlogin" time="8.21"/>
  <testcase classname="TestClass.GaragePurchaseOrderPageTest" name="verifyclickeditprofile" time="7.595"/>
  <testcase classname="TestClass.GaragePurchaseOrderPageTest" name="verifyTitle" time="0.015"/>
  <testcase classname="TestClass.GaragePurchaseOrderPageTest" name="verifyHeading" time="1.404"/>
  <testcase classname="TestClass.SupplierLoginPageTest" name="verifyvalidlogin" time="9.087"/>
  <testcase classname="TestClass.GarageLoginPageTest" name="verifyvalidlogin" time="13.401"/>
  <testcase classname="TestClass.GarageDashboardPageTest" name="verifyclickpartrequestbutton" time="7.061"/>
  <testcase classname="TestClass.GarageDashboardPageTest" name="verifyclickeditprofile" time="2.325"/>
  <testcase classname="TestClass.GarageDashboardPageTest" name="verifyclickeditagent" time="2.785"/>
  <testcase classname="TestClass.GarageDashboardPageTest" name="verifyclickusermanagement" time="2.478"/>
  <testcase classname="TestClass.GarageDashboardPageTest" name="verifyclickpartrequest" time="2.625"/>
  <testcase classname="TestClass.GarageDashboardPageTest" name="verifyclicknotification" time="2.626"/>
  <testcase classname="TestClass.GarageDashboardPageTest" name="verifyclickbidreview" time="2.942"/>
  <testcase classname="TestClass.GarageDashboardPageTest" name="verifyclickpurchase" time="2.468"/>
  <testcase classname="TestClass.GarageLoginPageTest" name="verifyvalidlogin" time="9.097"/>
  <testcase classname="TestClass.GarageNotificationPageTest" name="verifyclickeditprofile" time="7.318"/>
  <testcase classname="TestClass.GarageNotificationPageTest" name="verifyTitle" time="0.012">
    <failure type="java.lang.AssertionError" message="Title Incorrect expected:&amp;lt;Notification&amp;gt; but was:&amp;lt;Trade Mart | Bid Review&amp;gt;">
      <![CDATA[java.lang.AssertionError: Title Incorrect expected:<Notification> but was:<Trade Mart | Bid Review>
at TestClass.GarageNotificationPageTest.verifyTitle(GarageNotificationPageTest.java:20)
at java.base/java.util.ArrayList.forEach(ArrayList.java:1540)
... Removed 28 stack frames]]>
    </failure>
  </testcase> <!-- verifyTitle -->
  <testcase classname="TestClass.GarageNotificationPageTest" name="verifyHeading" time="1.625"/>
  <testcase classname="TestClass.GarageLoginPageTest" name="verifyvalidlogin" time="10.182"/>
  <testcase classname="TestClass.GaragePartRequestPageTest" name="verifyclickeditprofile" time="6.891"/>
  <testcase classname="TestClass.GaragePartRequestPageTest" name="verifyTitle" time="0.012"/>
  <testcase classname="TestClass.GaragePartRequestPageTest" name="verifyHeading" time="1.218"/>
  <testcase classname="TestClass.GarageLoginPageTest" name="verifyvalidlogin" time="9.663"/>
  <testcase classname="TestClass.GarageBidReviewPageTest" name="verifyclickeditprofile" time="7.226"/>
  <testcase classname="TestClass.GarageBidReviewPageTest" name="verifyTitle" time="0.012"/>
  <testcase classname="TestClass.GarageBidReviewPageTest" name="verifyHeading" time="0.918"/>
  <testcase classname="TestClass.SupplierLoginPageTest" name="verifyvalidlogin" time="7.926"/>
  <testcase classname="TestClass.SupplierDashboardPageTest" name="verifyclickmakebidbutton" time="6.946"/>
  <testcase classname="TestClass.SupplierDashboardPageTest" name="verifyclickeditprofile" time="2.524"/>
  <testcase classname="TestClass.SupplierDashboardPageTest" name="verifyclickeditagent" time="2.947"/>
  <testcase classname="TestClass.SupplierDashboardPageTest" name="verifyclickusermanagement" time="3.594"/>
  <testcase classname="TestClass.SupplierDashboardPageTest" name="verifyclickavailaberequest" time="3.437"/>
  <testcase classname="TestClass.SupplierDashboardPageTest" name="verifyclicknotification" time="3.128"/>
  <testcase classname="TestClass.SupplierDashboardPageTest" name="verifyclickpurchase" time="2.701"/>
  <testcase classname="TestClass.GarageLoginPageTest" name="verifyvalidlogin" time="10.511"/>
  <testcase classname="TestClass.GarageEditAgentPageTest" name="verifyclickeditprofile" time="7.674"/>
  <testcase classname="TestClass.GarageEditAgentPageTest" name="verifyTitle" time="0.019"/>
  <testcase classname="TestClass.GarageEditAgentPageTest" name="verifyHeading" time="0.977"/>
  <testcase classname="TestClass.SupplierLoginPageTest" name="verifyvalidlogin" time="11.728"/>
  <testcase classname="TestClass.SupplierEditProfilePageTest" name="verifyclickeditprofile" time="8.17"/>
  <testcase classname="TestClass.SupplierEditProfilePageTest" name="verifyTitle" time="0.013"/>
  <testcase classname="TestClass.SupplierEditProfilePageTest" name="verifyHeading" time="1.334"/>
  <testcase classname="TestClass.SupplierLoginPageTest" name="verifyvalidlogin" time="9.635"/>
  <testcase classname="TestClass.SupplierNotificationPageTest" name="verifyclickeditprofile" time="6.81"/>
  <testcase classname="TestClass.SupplierNotificationPageTest" name="verifyTitle" time="0.025"/>
  <testcase classname="TestClass.SupplierNotificationPageTest" name="verifyHeading" time="0.892"/>
  <testcase classname="TestClass.SupplierLoginPageTest" name="verifyvalidlogin" time="8.995"/>
  <testcase classname="TestClass.SupplierAvailableRequestPageTest" name="verifyclickmakebidbutton" time="7.174"/>
  <testcase classname="TestClass.SupplierAvailableRequestPageTest" name="verifyclickavailaberequest" time="3.983"/>
  <testcase classname="TestClass.SupplierAvailableRequestPageTest" name="verifyTitle" time="0.014"/>
  <testcase classname="TestClass.SupplierAvailableRequestPageTest" name="verifyHeading" time="0.077"/>
  <testcase classname="TestClass.SupplierAvailableRequestPageTest" name="verifyDefaultSpareDropdown" time="0.235"/>
  <testcase classname="TestClass.SupplierAvailableRequestPageTest" name="verifyCountsSpareDropdown" time="0.343"/>
  <testcase classname="TestClass.SupplierAvailableRequestPageTest" name="verifyValuesSpareDropdown" time="1.436"/>
</testsuite> <!-- Regression -->
